Arguments: 
  /Users/dukenguyen/.nvm/versions/node/v15.9.0/bin/node /Users/dukenguyen/.nvm/versions/node/v15.9.0/bin/yarn add puppeteer

PATH: 
  /Users/dukenguyen/.nvm/versions/node/v15.9.0/bin:/Users/dukenguyen/.rbenv/shims:/Users/dukenguyen/.rbenv/bin:/usr/local/bin:/usr/bin:/bin:/usr/sbin:/sbin:/Applications/Postgres.app/Contents/Versions/latest/bin

Yarn version: 
  1.22.10

Node version: 
  15.9.0

Platform: 
  darwin x64

Trace: 
  SyntaxError: /Users/dukenguyen/Desktop/airbnb_scraper/package.json: Unexpected token ` in JSON at position 0
      at JSON.parse (<anonymous>)
      at /Users/dukenguyen/.nvm/versions/node/v15.9.0/lib/node_modules/yarn/lib/cli.js:1625:59
      at Generator.next (<anonymous>)
      at step (/Users/dukenguyen/.nvm/versions/node/v15.9.0/lib/node_modules/yarn/lib/cli.js:310:30)
      at /Users/dukenguyen/.nvm/versions/node/v15.9.0/lib/node_modules/yarn/lib/cli.js:321:13

npm manifest: 
  `{
    "name": "airbnb_scraper",
    "version": "1.0.0",
    "main": "index.js",
    "repository": "https://github.com/hnguyen1179/airbnb_scraper.git",
    "author": "duke nguyen",
    "license": "MIT"
  }

yarn manifest: 
  No manifest

Lockfile: 
  No lockfile
